<?xml version="1.0" encoding="UTF-8"?>
<!-- Generated by org.testng.reporters.JUnitReportReporter -->
<testsuite hostname="LAPTOP-H7LSMR7L" failures="0" tests="9" name="com.swaglabs.test.InventoryTest" time="38.192" errors="0" timestamp="2024-02-08T18:57:41 IST" skipped="0">
  <testcase classname="com.swaglabs.test.InventoryTest" name="clickOnCartLogo" time="2.568"/>
  <system-out/>
  <testcase classname="com.swaglabs.test.InventoryTest" name="clickOnburgerMenu" time="2.679"/>
  <system-out/>
  <testcase classname="com.swaglabs.test.InventoryTest" name="VerifyDdPriceLowToHigh" time="2.864"/>
  <system-out/>
  <testcase classname="com.swaglabs.test.InventoryTest" name="clikOnProductTitle" time="3.767"/>
  <system-out/>
  <testcase classname="com.swaglabs.test.InventoryTest" name="testbagpackAddToCart" time="4.219"/>
  <system-out/>
  <testcase classname="com.swaglabs.test.InventoryTest" name="clickOnRemoveBtn" time="12.388"/>
  <system-out/>
  <testcase classname="com.swaglabs.test.InventoryTest" name="verifySauceLabsBackpackTitle" time="2.756"/>
  <system-out/>
  <testcase classname="com.swaglabs.test.InventoryTest" name="selectName_zTOA_fromDD" time="3.046"/>
  <system-out/>
  <testcase classname="com.swaglabs.test.InventoryTest" name="VerifydropdownAtoZ" time="3.905"/>
  <system-out/>
</testsuite> <!-- com.swaglabs.test.InventoryTest -->
