<?xml version="1.0" encoding="UTF-8"?>
<!-- Generated by org.testng.reporters.JUnitReportReporter -->
<testsuite hostname="LAPTOP-H7LSMR7L" failures="0" tests="4" name="com.swaglabs.test.CartTest" time="13.170" errors="0" timestamp="2024-02-08T18:57:41 IST" skipped="0">
  <testcase classname="com.swaglabs.test.CartTest" name="clickOnCheckOut" time="3.826"/>
  <system-out/>
  <testcase classname="com.swaglabs.test.CartTest" name="VerifyProdDetailsOnCartPage" time="2.840"/>
  <system-out/>
  <testcase classname="com.swaglabs.test.CartTest" name="clickOnContinueShopping" time="3.823"/>
  <system-out/>
  <testcase classname="com.swaglabs.test.CartTest" name="clickOnRemove" time="2.681"/>
  <system-out/>
</testsuite> <!-- com.swaglabs.test.CartTest -->
