<?xml version="1.0" encoding="UTF-8"?>
<!-- Generated by org.testng.reporters.JUnitReportReporter -->
<testsuite hostname="LAPTOP-H7LSMR7L" failures="0" tests="2" name="com.swaglabs.test.CheckOutFinalTest" time="7.613" errors="0" timestamp="2024-02-08T18:57:41 IST" skipped="0">
  <testcase classname="com.swaglabs.test.CheckOutFinalTest" name="clickOnBackHome" time="4.279"/>
  <system-out/>
  <testcase classname="com.swaglabs.test.CheckOutFinalTest" name="VerifyThankUAndOrderMsg" time="3.334"/>
  <system-out/>
</testsuite> <!-- com.swaglabs.test.CheckOutFinalTest -->
