<?xml version="1.0" encoding="UTF-8"?>
<!-- Generated by org.testng.reporters.JUnitReportReporter -->
<testsuite hostname="LAPTOP-H7LSMR7L" failures="0" tests="4" name="com.swaglabs.test.CheckOutStep2Test" time="17.310" errors="0" timestamp="2024-02-08T18:57:41 IST" skipped="0">
  <testcase classname="com.swaglabs.test.CheckOutStep2Test" name="VerifyCancelPayment" time="3.126"/>
  <system-out/>
  <testcase classname="com.swaglabs.test.CheckOutStep2Test" name="VerifyProdDetails" time="3.047"/>
  <system-out/>
  <testcase classname="com.swaglabs.test.CheckOutStep2Test" name="VerifyTotalAmount" time="8.117"/>
  <system-out/>
  <testcase classname="com.swaglabs.test.CheckOutStep2Test" name="VerifyFinishPayment" time="3.020"/>
  <system-out/>
</testsuite> <!-- com.swaglabs.test.CheckOutStep2Test -->
