<?xml version="1.0" encoding="UTF-8"?>
<!-- Generated by org.testng.reporters.JUnitReportReporter -->
<testsuite hostname="LAPTOP-H7LSMR7L" failures="0" tests="3" name="com.swaglabs.test.productPageTest" time="22.745" errors="0" timestamp="2024-02-08T18:57:41 IST" skipped="0">
  <testcase classname="com.swaglabs.test.productPageTest" name="Removefromthecart" time="13.866"/>
  <system-out/>
  <testcase classname="com.swaglabs.test.productPageTest" name="ProdDetailsOnProdPage" time="3.805"/>
  <system-out/>
  <testcase classname="com.swaglabs.test.productPageTest" name="AddToCartbackpack" time="5.074"/>
  <system-out/>
</testsuite> <!-- com.swaglabs.test.productPageTest -->
