<?xml version="1.0" encoding="UTF-8"?>
<!-- Generated by org.testng.reporters.JUnitReportReporter -->
<testsuite hostname="LAPTOP-H7LSMR7L" failures="0" tests="11" name="com.swaglabs.test.loginTest" time="34.620" errors="0" timestamp="2024-02-08T18:57:41 IST" skipped="0">
  <testcase classname="com.swaglabs.test.loginTest" name="valuNamePass" time="2.823"/>
  <system-out/>
  <testcase classname="com.swaglabs.test.loginTest" name="valuNamePass" time="2.738"/>
  <system-out/>
  <testcase classname="com.swaglabs.test.loginTest" name="valuNamePass" time="2.687"/>
  <system-out/>
  <testcase classname="com.swaglabs.test.loginTest" name="valuNamePass" time="7.806"/>
  <system-out/>
  <testcase classname="com.swaglabs.test.loginTest" name="valuNamePass" time="2.614"/>
  <system-out/>
  <testcase classname="com.swaglabs.test.loginTest" name="blankUnamePass" time="2.602"/>
  <system-out/>
  <testcase classname="com.swaglabs.test.loginTest" name="invaliduName" time="2.782"/>
  <system-out/>
  <testcase classname="com.swaglabs.test.loginTest" name="invalidPass" time="2.624"/>
  <system-out/>
  <testcase classname="com.swaglabs.test.loginTest" name="blnkUnameValidPass" time="2.633"/>
  <system-out/>
  <testcase classname="com.swaglabs.test.loginTest" name="validunameablankpass" time="2.655"/>
  <system-out/>
  <testcase classname="com.swaglabs.test.loginTest" name="lockedOutUser" time="2.656"/>
  <system-out/>
</testsuite> <!-- com.swaglabs.test.loginTest -->
